<?xml version="1.0" encoding="UTF-8"?>
<testng-results total="1" passed="1" failed="0" skipped="0">
  <reporter-output>
  </reporter-output>
  <suite started-at="2024-06-07T08:05:07Z" name="Test Suite for Buildout" finished-at="2024-06-07T08:05:17Z" duration-ms="9700">
    <groups>
    </groups>
    <test started-at="2024-06-07T08:05:07Z" name="Test Cases for Buildout" finished-at="2024-06-07T08:05:17Z" duration-ms="9700">
      <class name="demo.TestCases">
        <test-method is-config="true" signature="startBrowser()[pri:0, instance:demo.TestCases@3fb6cf60]" started-at="2024-06-07T13:35:07Z" name="startBrowser" finished-at="2024-06-07T13:35:10Z" duration-ms="2293" status="PASS">
          <reporter-output>
          </reporter-output>
        </test-method> <!-- startBrowser -->
        <test-method signature="testCase01()[pri:0, instance:demo.TestCases@3fb6cf60]" started-at="2024-06-07T13:35:10Z" name="testCase01" finished-at="2024-06-07T13:35:17Z" duration-ms="7402" status="PASS">
          <reporter-output>
          </reporter-output>
        </test-method> <!-- testCase01 -->
      </class> <!-- demo.TestCases -->
    </test> <!-- Test Cases for Buildout -->
  </suite> <!-- Test Suite for Buildout -->
</testng-results>
